{
  "numFailedTestSuites": 1,
  "numFailedTests": 1,
  "numPassedTestSuites": 0,
  "numPassedTests": 1,
  "numPendingTestSuites": 0,
  "numPendingTests": 0,
  "numRuntimeErrorTestSuites": 0,
  "numTodoTests": 0,
  "numTotalTestSuites": 1,
  "numTotalTests": 2,
  "openHandles": [],
  "snapshot": {
    "added": 0,
    "didUpdate": false,
    "failure": false,
    "filesAdded": 0,
    "filesRemoved": 0,
    "filesRemovedList": [],
    "filesUnmatched": 0,
    "filesUpdated": 0,
    "matched": 0,
    "total": 0,
    "unchecked": 0,
    "uncheckedKeysByFile": [],
    "unmatched": 0,
    "updated": 0
  },
  "startTime": 1599816923193,
  "success": false,
  "testResults": [
    {
      "assertionResults": [
        {
          "ancestorTitles": ["MAIN LAYOUT"],
          "failureMessages": [],
          "fullName": "MAIN LAYOUT should render the main layout and all the sub screens",
          "location": null,
          "status": "passed",
          "title": "should render the main layout and all the sub screens"
        },
        {
          "ancestorTitles": ["MAIN LAYOUT"],
          "failureMessages": [
            "Error: \u001b[2mexpect(\u001b[22m\u001b[31mreceived\u001b[39m\u001b[2m).\u001b[22mtoBe\u001b[2m(\u001b[22m\u001b[32mexpected\u001b[39m\u001b[2m) // Object.is equality\u001b[22m\n\nExpected: \u001b[32mfalse\u001b[39m\nReceived: \u001b[31mtrue\u001b[39m\n    at Object.<anonymous> (/home/paulo_mariano/sources/learn/desafio-1/src/components/Layout/layout.spec.tsx:13:18)\n    at Object.asyncJestTest (/home/paulo_mariano/sources/learn/desafio-1/node_modules/jest-jasmine2/build/jasmineAsyncInstall.js:102:37)\n    at /home/paulo_mariano/sources/learn/desafio-1/node_modules/jest-jasmine2/build/queueRunner.js:43:12\n    at new Promise (<anonymous>)\n    at mapper (/home/paulo_mariano/sources/learn/desafio-1/node_modules/jest-jasmine2/build/queueRunner.js:26:19)\n    at /home/paulo_mariano/sources/learn/desafio-1/node_modules/jest-jasmine2/build/queueRunner.js:73:41\n    at processTicksAndRejections (internal/process/task_queues.js:93:5)"
          ],
          "fullName": "MAIN LAYOUT true should be true",
          "location": null,
          "status": "failed",
          "title": "true should be true"
        }
      ],
      "endTime": 1599816928396,
      "message": "\u001b[1m\u001b[31m  \u001b[1m● \u001b[1mMAIN LAYOUT › true should be true\u001b[39m\u001b[22m\n\n    \u001b[2mexpect(\u001b[22m\u001b[31mreceived\u001b[39m\u001b[2m).\u001b[22mtoBe\u001b[2m(\u001b[22m\u001b[32mexpected\u001b[39m\u001b[2m) // Object.is equality\u001b[22m\n\n    Expected: \u001b[32mfalse\u001b[39m\n    Received: \u001b[31mtrue\u001b[39m\n\u001b[2m\u001b[22m\n\u001b[2m    \u001b[0m \u001b[90m 11 | \u001b[39m\u001b[0m\u001b[22m\n\u001b[2m    \u001b[0m \u001b[90m 12 | \u001b[39m  it(\u001b[32m'true should be true'\u001b[39m\u001b[33m,\u001b[39m () \u001b[33m=>\u001b[39m {\u001b[0m\u001b[22m\n\u001b[2m    \u001b[0m\u001b[31m\u001b[1m>\u001b[2m\u001b[39m\u001b[90m 13 | \u001b[39m    expect(\u001b[36mtrue\u001b[39m)\u001b[33m.\u001b[39mtoBe(\u001b[36mfalse\u001b[39m)\u001b[0m\u001b[22m\n\u001b[2m    \u001b[0m \u001b[90m    | \u001b[39m                 \u001b[31m\u001b[1m^\u001b[2m\u001b[39m\u001b[0m\u001b[22m\n\u001b[2m    \u001b[0m \u001b[90m 14 | \u001b[39m  })\u001b[0m\u001b[22m\n\u001b[2m    \u001b[0m \u001b[90m 15 | \u001b[39m})\u001b[0m\u001b[22m\n\u001b[2m    \u001b[0m \u001b[90m 16 | \u001b[39m\u001b[0m\u001b[22m\n\u001b[2m\u001b[22m\n\u001b[2m      \u001b[2mat Object.<anonymous> (\u001b[2m\u001b[0m\u001b[36msrc/components/Layout/layout.spec.tsx\u001b[39m\u001b[0m\u001b[2m:13:18)\u001b[2m\u001b[22m\n",
      "name": "/home/paulo_mariano/sources/learn/desafio-1/src/components/Layout/layout.spec.tsx",
      "startTime": 1599816923820,
      "status": "failed",
      "summary": ""
    }
  ],
  "wasInterrupted": false
}
